<?xml version="1.0" encoding="UTF-8"?>
<!-- Generated by org.testng.reporters.JUnitReportReporter -->
<testsuite hostname="Desktop-Ravi" failures="0" tests="1" name="runner.TestRunner" time="14.355" errors="1" timestamp="2025-12-10T21:39:16 IST" skipped="0">
  <testcase classname="runner.TestRunner" name="runScenario" time="14.355">
    <error message="Cannot invoke &quot;org.openqa.selenium.WebElement.isDisplayed()&quot; because &quot;element&quot; is null" type="java.lang.NullPointerException">
      <![CDATA[java.lang.NullPointerException: Cannot invoke "org.openqa.selenium.WebElement.isDisplayed()" because "element" is null
at org.openqa.selenium.support.ui.ExpectedConditions.elementIfVisible(ExpectedConditions.java:304)
at org.openqa.selenium.support.ui.ExpectedConditions$10.apply(ExpectedConditions.java:290)
at org.openqa.selenium.support.ui.ExpectedConditions$10.apply(ExpectedConditions.java:287)
at org.openqa.selenium.support.ui.ExpectedConditions$23.apply(ExpectedConditions.java:656)
at org.openqa.selenium.support.ui.ExpectedConditions$23.apply(ExpectedConditions.java:652)
at org.openqa.selenium.support.ui.FluentWait.until(FluentWait.java:203)
at Pages.NSEHomePage.clickSearchResult(NSEHomePage.java:47)
at stepDefinitions.SearchSteps.user_should_be_enter_the_details_in_search_bar_and_click_enter_button(SearchSteps.java:27)
at âœ½.user should be enter the details in search bar and click enter button(file:///C:/Users/ravik/eclipse-workspace/Learn/src/test/resources/StockHomePage.feature:4)
]]>
    </error>
  </testcase> <!-- runScenario -->
</testsuite> <!-- runner.TestRunner -->
